<?xml version="1.0" encoding="UTF-8"?>
<!-- Generated by org.testng.reporters.JUnitXMLReporter -->
<testsuite ignored="9" hostname="DESKTOP-601D2VQ" failures="0" tests="1" name="Default test" time="51.266" errors="0" timestamp="2024-02-07T14:53:13 EET">
  <testcase classname="alsafer.Test1" name="HotelTabSwitch" time="36.566"/>
  <testcase classname="alsafer.Test1" name="switchToHotelTab" time="0.0">
    <ignored/>
  </testcase> <!-- switchToHotelTab -->
  <testcase classname="alsafer.Test1" name="ontatnuber" time="0.0">
    <ignored/>
  </testcase> <!-- ontatnuber -->
  <testcase classname="alsafer.Test1" name="lnag" time="0.0">
    <ignored/>
  </testcase> <!-- lnag -->
  <testcase classname="alsafer.Test1" name="logo" time="0.0">
    <ignored/>
  </testcase> <!-- logo -->
  <testcase classname="alsafer.Test1" name="tedtlangouge" time="0.0">
    <ignored/>
  </testcase> <!-- tedtlangouge -->
  <testcase classname="alsafer.Test1" name="date" time="0.0">
    <ignored/>
  </testcase> <!-- date -->
  <testcase classname="alsafer.Test1" name="hrane" time="0.0">
    <ignored/>
  </testcase> <!-- hrane -->
  <testcase classname="alsafer.Test1" name="hotelseletd" time="0.0">
    <ignored/>
  </testcase> <!-- hotelseletd -->
  <testcase classname="alsafer.Test1" name="lnagandhotel" time="0.0">
    <ignored/>
  </testcase> <!-- lnagandhotel -->
</testsuite> <!-- Default test -->
