<?xml version="1.0" encoding="UTF-8"?>
<testng-results ignored="9" total="10" passed="1" failed="0" skipped="0">
  <reporter-output>
  </reporter-output>
  <suite started-at="2024-02-07T14:52:21 EET" name="Default suite" finished-at="2024-02-07T14:53:13 EET" duration-ms="51266">
    <groups>
    </groups>
    <test started-at="2024-02-07T14:52:21 EET" name="Default test" finished-at="2024-02-07T14:53:13 EET" duration-ms="51266">
      <class name="alsafer.Test1">
        <test-method is-config="true" signature="sutup()[pri:0, instance:alsafer.Test1@6273c5a4]" started-at="2024-02-07T14:52:21 EET" name="sutup" finished-at="2024-02-07T14:52:36 EET" duration-ms="14626" status="PASS">
          <reporter-output>
          </reporter-output>
        </test-method> <!-- sutup -->
        <test-method signature="HotelTabSwitch()[pri:0, instance:alsafer.Test1@6273c5a4]" started-at="2024-02-07T14:52:36 EET" name="HotelTabSwitch" finished-at="2024-02-07T14:53:13 EET" duration-ms="36566" status="PASS">
          <reporter-output>
          </reporter-output>
        </test-method> <!-- HotelTabSwitch -->
        <test-method is-config="true" signature="end()[pri:0, instance:alsafer.Test1@6273c5a4]" started-at="2024-02-07T14:53:13 EET" name="end" finished-at="2024-02-07T14:53:13 EET" duration-ms="1" status="PASS">
          <reporter-output>
          </reporter-output>
        </test-method> <!-- end -->
      </class> <!-- alsafer.Test1 -->
    </test> <!-- Default test -->
  </suite> <!-- Default suite -->
</testng-results>
